[2025-09-03 14:37:01] production.ERROR: SQLSTATE[HY000] [2002] No connection could be made because the target machine actively refused it (SQL: select * from `core_settings` where `name` = site_locale limit 1) {"exception":"[object] (Illuminate\\Database\\QueryException(code: 2002): SQLSTATE[HY000] [2002] No connection could be made because the target machine actively refused it (SQL: select * from `core_settings` where `name` = site_locale limit 1) at Y:\\Freelancer\\PritiCars\\Pritiself drive cars public_html\\vendor\\laravel\\framework\\src\\Illuminate\\Database\\Connection.php:760)
[stacktrace]
#0 Y:\\Freelancer\\PritiCars\\Pritiself drive cars public_html\\vendor\\laravel\\framework\\src\\Illuminate\\Database\\Connection.php(720): Illuminate\\Database\\Connection->runQueryCallback('select * from `...', Array, Object(Closure))
#1 Y:\\Freelancer\\PritiCars\\Pritiself drive cars public_html\\vendor\\laravel\\framework\\src\\Illuminate\\Database\\Connection.php(405): Illuminate\\Database\\Connection->run('select * from `...', Array, Object(Closure))
#2 Y:\\Freelancer\\PritiCars\\Pritiself drive cars public_html\\vendor\\laravel\\framework\\src\\Illuminate\\Database\\Query\\Builder.php(2705): Illuminate\\Database\\Connection->select('select * from `...', Array, true)
#3 Y:\\Freelancer\\PritiCars\\Pritiself drive cars public_html\\vendor\\laravel\\framework\\src\\Illuminate\\Database\\Query\\Builder.php(2694): Illuminate\\Database\\Query\\Builder->runSelect()
#4 Y:\\Freelancer\\PritiCars\\Pritiself drive cars public_html\\vendor\\laravel\\framework\\src\\Illuminate\\Database\\Query\\Builder.php(3230): Illuminate\\Database\\Query\\Builder->Illuminate\\Database\\Query\\{closure}()
#5 Y:\\Freelancer\\PritiCars\\Pritiself drive cars public_html\\vendor\\laravel\\framework\\src\\Illuminate\\Database\\Query\\Builder.php(2693): Illuminate\\Database\\Query\\Builder->onceWithColumns(Array, Object(Closure))
#6 Y:\\Freelancer\\PritiCars\\Pritiself drive cars public_html\\vendor\\laravel\\framework\\src\\Illuminate\\Database\\Eloquent\\Builder.php(710): Illuminate\\Database\\Query\\Builder->get(Array)
#7 Y:\\Freelancer\\PritiCars\\Pritiself drive cars public_html\\vendor\\laravel\\framework\\src\\Illuminate\\Database\\Eloquent\\Builder.php(694): Illuminate\\Database\\Eloquent\\Builder->getModels(Array)
#8 Y:\\Freelancer\\PritiCars\\Pritiself drive cars public_html\\vendor\\laravel\\framework\\src\\Illuminate\\Database\\Concerns\\BuildsQueries.php(296): Illuminate\\Database\\Eloquent\\Builder->get(Array)
#9 Y:\\Freelancer\\PritiCars\\Pritiself drive cars public_html\\modules\\Core\\Models\\Settings.php(35): Illuminate\\Database\\Eloquent\\Builder->first()
#10 Y:\\Freelancer\\PritiCars\\Pritiself drive cars public_html\\vendor\\laravel\\framework\\src\\Illuminate\\Cache\\Repository.php(438): Modules\\Core\\Models\\Settings::Modules\\Core\\Models\\{closure}()
#11 Y:\\Freelancer\\PritiCars\\Pritiself drive cars public_html\\vendor\\laravel\\framework\\src\\Illuminate\\Cache\\CacheManager.php(408): Illuminate\\Cache\\Repository->rememberForever('setting_site_lo...', Object(Closure))
#12 Y:\\Freelancer\\PritiCars\\Pritiself drive cars public_html\\vendor\\laravel\\framework\\src\\Illuminate\\Support\\Facades\\Facade.php(338): Illuminate\\Cache\\CacheManager->__call('rememberForever', Array)
#13 Y:\\Freelancer\\PritiCars\\Pritiself drive cars public_html\\modules\\Core\\Models\\Settings.php(34): Illuminate\\Support\\Facades\\Facade::__callStatic('rememberForever', Array)
#14 Y:\\Freelancer\\PritiCars\\Pritiself drive cars public_html\\app\\Helpers\\AppHelper.php(18): Modules\\Core\\Models\\Settings::item('site_locale', '')
#15 Y:\\Freelancer\\PritiCars\\Pritiself drive cars public_html\\modules\\Language\\Models\\Language.php(33): setting_item('site_locale')
#16 Y:\\Freelancer\\PritiCars\\Pritiself drive cars public_html\\vendor\\laravel\\framework\\src\\Illuminate\\Cache\\Repository.php(438): Modules\\Language\\Models\\Language::Modules\\Language\\Models\\{closure}()
#17 Y:\\Freelancer\\PritiCars\\Pritiself drive cars public_html\\vendor\\laravel\\framework\\src\\Illuminate\\Cache\\CacheManager.php(408): Illuminate\\Cache\\Repository->rememberForever('locale_active_1', Object(Closure))
#18 Y:\\Freelancer\\PritiCars\\Pritiself drive cars public_html\\vendor\\laravel\\framework\\src\\Illuminate\\Support\\Facades\\Facade.php(338): Illuminate\\Cache\\CacheManager->__call('rememberForever', Array)
#19 Y:\\Freelancer\\PritiCars\\Pritiself drive cars public_html\\modules\\Language\\Models\\Language.php(28): Illuminate\\Support\\Facades\\Facade::__callStatic('rememberForever', Array)
#20 Y:\\Freelancer\\PritiCars\\Pritiself drive cars public_html\\app\\Providers\\AppServiceProvider.php(197): Modules\\Language\\Models\\Language::getActive()
#21 Y:\\Freelancer\\PritiCars\\Pritiself drive cars public_html\\app\\Providers\\AppServiceProvider.php(42): App\\Providers\\AppServiceProvider->setLang()
#22 Y:\\Freelancer\\PritiCars\\Pritiself drive cars public_html\\vendor\\laravel\\framework\\src\\Illuminate\\Container\\BoundMethod.php(36): App\\Providers\\AppServiceProvider->boot(Object(Illuminate\\Http\\Request))
#23 Y:\\Freelancer\\PritiCars\\Pritiself drive cars public_html\\vendor\\laravel\\framework\\src\\Illuminate\\Container\\Util.php(41): Illuminate\\Container\\BoundMethod::Illuminate\\Container\\{closure}()
#24 Y:\\Freelancer\\PritiCars\\Pritiself drive cars public_html\\vendor\\laravel\\framework\\src\\Illuminate\\Container\\BoundMethod.php(93): Illuminate\\Container\\Util::unwrapIfClosure(Object(Closure))
#25 Y:\\Freelancer\\PritiCars\\Pritiself drive cars public_html\\vendor\\laravel\\framework\\src\\Illuminate\\Container\\BoundMethod.php(35): Illuminate\\Container\\BoundMethod::callBoundMethod(Object(Illuminate\\Foundation\\Application), Array, Object(Closure))
#26 Y:\\Freelancer\\PritiCars\\Pritiself drive cars public_html\\vendor\\laravel\\framework\\src\\Illuminate\\Container\\Container.php(661): Illuminate\\Container\\BoundMethod::call(Object(Illuminate\\Foundation\\Application), Array, Array, NULL)
#27 Y:\\Freelancer\\PritiCars\\Pritiself drive cars public_html\\vendor\\laravel\\framework\\src\\Illuminate\\Foundation\\Application.php(954): Illuminate\\Container\\Container->call(Array)
#28 Y:\\Freelancer\\PritiCars\\Pritiself drive cars public_html\\vendor\\laravel\\framework\\src\\Illuminate\\Foundation\\Application.php(935): Illuminate\\Foundation\\Application->bootProvider(Object(App\\Providers\\AppServiceProvider))
#29 [internal function]: Illuminate\\Foundation\\Application->Illuminate\\Foundation\\{closure}(Object(App\\Providers\\AppServiceProvider), 34)
#30 Y:\\Freelancer\\PritiCars\\Pritiself drive cars public_html\\vendor\\laravel\\framework\\src\\Illuminate\\Foundation\\Application.php(934): array_walk(Array, Object(Closure))
#31 Y:\\Freelancer\\PritiCars\\Pritiself drive cars public_html\\vendor\\laravel\\framework\\src\\Illuminate\\Foundation\\Bootstrap\\BootProviders.php(17): Illuminate\\Foundation\\Application->boot()
#32 Y:\\Freelancer\\PritiCars\\Pritiself drive cars public_html\\vendor\\laravel\\framework\\src\\Illuminate\\Foundation\\Application.php(265): Illuminate\\Foundation\\Bootstrap\\BootProviders->bootstrap(Object(Illuminate\\Foundation\\Application))
#33 Y:\\Freelancer\\PritiCars\\Pritiself drive cars public_html\\vendor\\laravel\\framework\\src\\Illuminate\\Foundation\\Http\\Kernel.php(176): Illuminate\\Foundation\\Application->bootstrapWith(Array)
#34 Y:\\Freelancer\\PritiCars\\Pritiself drive cars public_html\\vendor\\laravel\\framework\\src\\Illuminate\\Foundation\\Http\\Kernel.php(160): Illuminate\\Foundation\\Http\\Kernel->bootstrap()
#35 Y:\\Freelancer\\PritiCars\\Pritiself drive cars public_html\\vendor\\laravel\\framework\\src\\Illuminate\\Foundation\\Http\\Kernel.php(134): Illuminate\\Foundation\\Http\\Kernel->sendRequestThroughRouter(Object(Illuminate\\Http\\Request))
#36 Y:\\Freelancer\\PritiCars\\Pritiself drive cars public_html\\public\\index.php(71): Illuminate\\Foundation\\Http\\Kernel->handle(Object(Illuminate\\Http\\Request))
#37 {main}

[previous exception] [object] (PDOException(code: 2002): SQLSTATE[HY000] [2002] No connection could be made because the target machine actively refused it at Y:\\Freelancer\\PritiCars\\Pritiself drive cars public_html\\vendor\\laravel\\framework\\src\\Illuminate\\Database\\Connectors\\Connector.php:70)
[stacktrace]
#0 Y:\\Freelancer\\PritiCars\\Pritiself drive cars public_html\\vendor\\laravel\\framework\\src\\Illuminate\\Database\\Connectors\\Connector.php(70): PDO->__construct('mysql:host=127....', 'root', Object(SensitiveParameterValue), Array)
#1 Y:\\Freelancer\\PritiCars\\Pritiself drive cars public_html\\vendor\\laravel\\framework\\src\\Illuminate\\Database\\Connectors\\Connector.php(45): Illuminate\\Database\\Connectors\\Connector->createPdoConnection('mysql:host=127....', 'root', '12345', Array)
#2 Y:\\Freelancer\\PritiCars\\Pritiself drive cars public_html\\vendor\\laravel\\framework\\src\\Illuminate\\Database\\Connectors\\MySqlConnector.php(24): Illuminate\\Database\\Connectors\\Connector->createConnection('mysql:host=127....', Array, Array)
#3 Y:\\Freelancer\\PritiCars\\Pritiself drive cars public_html\\vendor\\laravel\\framework\\src\\Illuminate\\Database\\Connectors\\ConnectionFactory.php(184): Illuminate\\Database\\Connectors\\MySqlConnector->connect(Array)
#4 [internal function]: Illuminate\\Database\\Connectors\\ConnectionFactory->Illuminate\\Database\\Connectors\\{closure}()
#5 Y:\\Freelancer\\PritiCars\\Pritiself drive cars public_html\\vendor\\laravel\\framework\\src\\Illuminate\\Database\\Connection.php(1181): call_user_func(Object(Closure))
#6 Y:\\Freelancer\\PritiCars\\Pritiself drive cars public_html\\vendor\\laravel\\framework\\src\\Illuminate\\Database\\Connection.php(1217): Illuminate\\Database\\Connection->getPdo()
#7 Y:\\Freelancer\\PritiCars\\Pritiself drive cars public_html\\vendor\\laravel\\framework\\src\\Illuminate\\Database\\Connection.php(486): Illuminate\\Database\\Connection->getReadPdo()
#8 Y:\\Freelancer\\PritiCars\\Pritiself drive cars public_html\\vendor\\laravel\\framework\\src\\Illuminate\\Database\\Connection.php(414): Illuminate\\Database\\Connection->getPdoForSelect(true)
#9 Y:\\Freelancer\\PritiCars\\Pritiself drive cars public_html\\vendor\\laravel\\framework\\src\\Illuminate\\Database\\Connection.php(753): Illuminate\\Database\\Connection->Illuminate\\Database\\{closure}('select * from `...', Array)
#10 Y:\\Freelancer\\PritiCars\\Pritiself drive cars public_html\\vendor\\laravel\\framework\\src\\Illuminate\\Database\\Connection.php(720): Illuminate\\Database\\Connection->runQueryCallback('select * from `...', Array, Object(Closure))
#11 Y:\\Freelancer\\PritiCars\\Pritiself drive cars public_html\\vendor\\laravel\\framework\\src\\Illuminate\\Database\\Connection.php(405): Illuminate\\Database\\Connection->run('select * from `...', Array, Object(Closure))
#12 Y:\\Freelancer\\PritiCars\\Pritiself drive cars public_html\\vendor\\laravel\\framework\\src\\Illuminate\\Database\\Query\\Builder.php(2705): Illuminate\\Database\\Connection->select('select * from `...', Array, true)
#13 Y:\\Freelancer\\PritiCars\\Pritiself drive cars public_html\\vendor\\laravel\\framework\\src\\Illuminate\\Database\\Query\\Builder.php(2694): Illuminate\\Database\\Query\\Builder->runSelect()
#14 Y:\\Freelancer\\PritiCars\\Pritiself drive cars public_html\\vendor\\laravel\\framework\\src\\Illuminate\\Database\\Query\\Builder.php(3230): Illuminate\\Database\\Query\\Builder->Illuminate\\Database\\Query\\{closure}()
#15 Y:\\Freelancer\\PritiCars\\Pritiself drive cars public_html\\vendor\\laravel\\framework\\src\\Illuminate\\Database\\Query\\Builder.php(2693): Illuminate\\Database\\Query\\Builder->onceWithColumns(Array, Object(Closure))
#16 Y:\\Freelancer\\PritiCars\\Pritiself drive cars public_html\\vendor\\laravel\\framework\\src\\Illuminate\\Database\\Eloquent\\Builder.php(710): Illuminate\\Database\\Query\\Builder->get(Array)
#17 Y:\\Freelancer\\PritiCars\\Pritiself drive cars public_html\\vendor\\laravel\\framework\\src\\Illuminate\\Database\\Eloquent\\Builder.php(694): Illuminate\\Database\\Eloquent\\Builder->getModels(Array)
#18 Y:\\Freelancer\\PritiCars\\Pritiself drive cars public_html\\vendor\\laravel\\framework\\src\\Illuminate\\Database\\Concerns\\BuildsQueries.php(296): Illuminate\\Database\\Eloquent\\Builder->get(Array)
#19 Y:\\Freelancer\\PritiCars\\Pritiself drive cars public_html\\modules\\Core\\Models\\Settings.php(35): Illuminate\\Database\\Eloquent\\Builder->first()
#20 Y:\\Freelancer\\PritiCars\\Pritiself drive cars public_html\\vendor\\laravel\\framework\\src\\Illuminate\\Cache\\Repository.php(438): Modules\\Core\\Models\\Settings::Modules\\Core\\Models\\{closure}()
#21 Y:\\Freelancer\\PritiCars\\Pritiself drive cars public_html\\vendor\\laravel\\framework\\src\\Illuminate\\Cache\\CacheManager.php(408): Illuminate\\Cache\\Repository->rememberForever('setting_site_lo...', Object(Closure))
#22 Y:\\Freelancer\\PritiCars\\Pritiself drive cars public_html\\vendor\\laravel\\framework\\src\\Illuminate\\Support\\Facades\\Facade.php(338): Illuminate\\Cache\\CacheManager->__call('rememberForever', Array)
#23 Y:\\Freelancer\\PritiCars\\Pritiself drive cars public_html\\modules\\Core\\Models\\Settings.php(34): Illuminate\\Support\\Facades\\Facade::__callStatic('rememberForever', Array)
#24 Y:\\Freelancer\\PritiCars\\Pritiself drive cars public_html\\app\\Helpers\\AppHelper.php(18): Modules\\Core\\Models\\Settings::item('site_locale', '')
#25 Y:\\Freelancer\\PritiCars\\Pritiself drive cars public_html\\modules\\Language\\Models\\Language.php(33): setting_item('site_locale')
#26 Y:\\Freelancer\\PritiCars\\Pritiself drive cars public_html\\vendor\\laravel\\framework\\src\\Illuminate\\Cache\\Repository.php(438): Modules\\Language\\Models\\Language::Modules\\Language\\Models\\{closure}()
#27 Y:\\Freelancer\\PritiCars\\Pritiself drive cars public_html\\vendor\\laravel\\framework\\src\\Illuminate\\Cache\\CacheManager.php(408): Illuminate\\Cache\\Repository->rememberForever('locale_active_1', Object(Closure))
#28 Y:\\Freelancer\\PritiCars\\Pritiself drive cars public_html\\vendor\\laravel\\framework\\src\\Illuminate\\Support\\Facades\\Facade.php(338): Illuminate\\Cache\\CacheManager->__call('rememberForever', Array)
#29 Y:\\Freelancer\\PritiCars\\Pritiself drive cars public_html\\modules\\Language\\Models\\Language.php(28): Illuminate\\Support\\Facades\\Facade::__callStatic('rememberForever', Array)
#30 Y:\\Freelancer\\PritiCars\\Pritiself drive cars public_html\\app\\Providers\\AppServiceProvider.php(197): Modules\\Language\\Models\\Language::getActive()
#31 Y:\\Freelancer\\PritiCars\\Pritiself drive cars public_html\\app\\Providers\\AppServiceProvider.php(42): App\\Providers\\AppServiceProvider->setLang()
#32 Y:\\Freelancer\\PritiCars\\Pritiself drive cars public_html\\vendor\\laravel\\framework\\src\\Illuminate\\Container\\BoundMethod.php(36): App\\Providers\\AppServiceProvider->boot(Object(Illuminate\\Http\\Request))
#33 Y:\\Freelancer\\PritiCars\\Pritiself drive cars public_html\\vendor\\laravel\\framework\\src\\Illuminate\\Container\\Util.php(41): Illuminate\\Container\\BoundMethod::Illuminate\\Container\\{closure}()
#34 Y:\\Freelancer\\PritiCars\\Pritiself drive cars public_html\\vendor\\laravel\\framework\\src\\Illuminate\\Container\\BoundMethod.php(93): Illuminate\\Container\\Util::unwrapIfClosure(Object(Closure))
#35 Y:\\Freelancer\\PritiCars\\Pritiself drive cars public_html\\vendor\\laravel\\framework\\src\\Illuminate\\Container\\BoundMethod.php(35): Illuminate\\Container\\BoundMethod::callBoundMethod(Object(Illuminate\\Foundation\\Application), Array, Object(Closure))
#36 Y:\\Freelancer\\PritiCars\\Pritiself drive cars public_html\\vendor\\laravel\\framework\\src\\Illuminate\\Container\\Container.php(661): Illuminate\\Container\\BoundMethod::call(Object(Illuminate\\Foundation\\Application), Array, Array, NULL)
#37 Y:\\Freelancer\\PritiCars\\Pritiself drive cars public_html\\vendor\\laravel\\framework\\src\\Illuminate\\Foundation\\Application.php(954): Illuminate\\Container\\Container->call(Array)
#38 Y:\\Freelancer\\PritiCars\\Pritiself drive cars public_html\\vendor\\laravel\\framework\\src\\Illuminate\\Foundation\\Application.php(935): Illuminate\\Foundation\\Application->bootProvider(Object(App\\Providers\\AppServiceProvider))
#39 [internal function]: Illuminate\\Foundation\\Application->Illuminate\\Foundation\\{closure}(Object(App\\Providers\\AppServiceProvider), 34)
#40 Y:\\Freelancer\\PritiCars\\Pritiself drive cars public_html\\vendor\\laravel\\framework\\src\\Illuminate\\Foundation\\Application.php(934): array_walk(Array, Object(Closure))
#41 Y:\\Freelancer\\PritiCars\\Pritiself drive cars public_html\\vendor\\laravel\\framework\\src\\Illuminate\\Foundation\\Bootstrap\\BootProviders.php(17): Illuminate\\Foundation\\Application->boot()
#42 Y:\\Freelancer\\PritiCars\\Pritiself drive cars public_html\\vendor\\laravel\\framework\\src\\Illuminate\\Foundation\\Application.php(265): Illuminate\\Foundation\\Bootstrap\\BootProviders->bootstrap(Object(Illuminate\\Foundation\\Application))
#43 Y:\\Freelancer\\PritiCars\\Pritiself drive cars public_html\\vendor\\laravel\\framework\\src\\Illuminate\\Foundation\\Http\\Kernel.php(176): Illuminate\\Foundation\\Application->bootstrapWith(Array)
#44 Y:\\Freelancer\\PritiCars\\Pritiself drive cars public_html\\vendor\\laravel\\framework\\src\\Illuminate\\Foundation\\Http\\Kernel.php(160): Illuminate\\Foundation\\Http\\Kernel->bootstrap()
#45 Y:\\Freelancer\\PritiCars\\Pritiself drive cars public_html\\vendor\\laravel\\framework\\src\\Illuminate\\Foundation\\Http\\Kernel.php(134): Illuminate\\Foundation\\Http\\Kernel->sendRequestThroughRouter(Object(Illuminate\\Http\\Request))
#46 Y:\\Freelancer\\PritiCars\\Pritiself drive cars public_html\\public\\index.php(71): Illuminate\\Foundation\\Http\\Kernel->handle(Object(Illuminate\\Http\\Request))
#47 {main}
"} 
[2025-09-03 14:38:24] production.ERROR: SQLSTATE[HY000] [2002] No connection could be made because the target machine actively refused it (SQL: select * from `core_settings` where `name` = site_locale limit 1) {"exception":"[object] (Illuminate\\Database\\QueryException(code: 2002): SQLSTATE[HY000] [2002] No connection could be made because the target machine actively refused it (SQL: select * from `core_settings` where `name` = site_locale limit 1) at Y:\\Freelancer\\PritiCars\\Pritiself drive cars public_html\\vendor\\laravel\\framework\\src\\Illuminate\\Database\\Connection.php:760)
[stacktrace]
#0 Y:\\Freelancer\\PritiCars\\Pritiself drive cars public_html\\vendor\\laravel\\framework\\src\\Illuminate\\Database\\Connection.php(720): Illuminate\\Database\\Connection->runQueryCallback('select * from `...', Array, Object(Closure))
#1 Y:\\Freelancer\\PritiCars\\Pritiself drive cars public_html\\vendor\\laravel\\framework\\src\\Illuminate\\Database\\Connection.php(405): Illuminate\\Database\\Connection->run('select * from `...', Array, Object(Closure))
#2 Y:\\Freelancer\\PritiCars\\Pritiself drive cars public_html\\vendor\\laravel\\framework\\src\\Illuminate\\Database\\Query\\Builder.php(2705): Illuminate\\Database\\Connection->select('select * from `...', Array, true)
#3 Y:\\Freelancer\\PritiCars\\Pritiself drive cars public_html\\vendor\\laravel\\framework\\src\\Illuminate\\Database\\Query\\Builder.php(2694): Illuminate\\Database\\Query\\Builder->runSelect()
#4 Y:\\Freelancer\\PritiCars\\Pritiself drive cars public_html\\vendor\\laravel\\framework\\src\\Illuminate\\Database\\Query\\Builder.php(3230): Illuminate\\Database\\Query\\Builder->Illuminate\\Database\\Query\\{closure}()
#5 Y:\\Freelancer\\PritiCars\\Pritiself drive cars public_html\\vendor\\laravel\\framework\\src\\Illuminate\\Database\\Query\\Builder.php(2693): Illuminate\\Database\\Query\\Builder->onceWithColumns(Array, Object(Closure))
#6 Y:\\Freelancer\\PritiCars\\Pritiself drive cars public_html\\vendor\\laravel\\framework\\src\\Illuminate\\Database\\Eloquent\\Builder.php(710): Illuminate\\Database\\Query\\Builder->get(Array)
#7 Y:\\Freelancer\\PritiCars\\Pritiself drive cars public_html\\vendor\\laravel\\framework\\src\\Illuminate\\Database\\Eloquent\\Builder.php(694): Illuminate\\Database\\Eloquent\\Builder->getModels(Array)
#8 Y:\\Freelancer\\PritiCars\\Pritiself drive cars public_html\\vendor\\laravel\\framework\\src\\Illuminate\\Database\\Concerns\\BuildsQueries.php(296): Illuminate\\Database\\Eloquent\\Builder->get(Array)
#9 Y:\\Freelancer\\PritiCars\\Pritiself drive cars public_html\\modules\\Core\\Models\\Settings.php(35): Illuminate\\Database\\Eloquent\\Builder->first()
#10 Y:\\Freelancer\\PritiCars\\Pritiself drive cars public_html\\vendor\\laravel\\framework\\src\\Illuminate\\Cache\\Repository.php(438): Modules\\Core\\Models\\Settings::Modules\\Core\\Models\\{closure}()
#11 Y:\\Freelancer\\PritiCars\\Pritiself drive cars public_html\\vendor\\laravel\\framework\\src\\Illuminate\\Cache\\CacheManager.php(408): Illuminate\\Cache\\Repository->rememberForever('setting_site_lo...', Object(Closure))
#12 Y:\\Freelancer\\PritiCars\\Pritiself drive cars public_html\\vendor\\laravel\\framework\\src\\Illuminate\\Support\\Facades\\Facade.php(338): Illuminate\\Cache\\CacheManager->__call('rememberForever', Array)
#13 Y:\\Freelancer\\PritiCars\\Pritiself drive cars public_html\\modules\\Core\\Models\\Settings.php(34): Illuminate\\Support\\Facades\\Facade::__callStatic('rememberForever', Array)
#14 Y:\\Freelancer\\PritiCars\\Pritiself drive cars public_html\\app\\Helpers\\AppHelper.php(18): Modules\\Core\\Models\\Settings::item('site_locale', '')
#15 Y:\\Freelancer\\PritiCars\\Pritiself drive cars public_html\\modules\\Language\\Models\\Language.php(33): setting_item('site_locale')
#16 Y:\\Freelancer\\PritiCars\\Pritiself drive cars public_html\\vendor\\laravel\\framework\\src\\Illuminate\\Cache\\Repository.php(438): Modules\\Language\\Models\\Language::Modules\\Language\\Models\\{closure}()
#17 Y:\\Freelancer\\PritiCars\\Pritiself drive cars public_html\\vendor\\laravel\\framework\\src\\Illuminate\\Cache\\CacheManager.php(408): Illuminate\\Cache\\Repository->rememberForever('locale_active_1', Object(Closure))
#18 Y:\\Freelancer\\PritiCars\\Pritiself drive cars public_html\\vendor\\laravel\\framework\\src\\Illuminate\\Support\\Facades\\Facade.php(338): Illuminate\\Cache\\CacheManager->__call('rememberForever', Array)
#19 Y:\\Freelancer\\PritiCars\\Pritiself drive cars public_html\\modules\\Language\\Models\\Language.php(28): Illuminate\\Support\\Facades\\Facade::__callStatic('rememberForever', Array)
#20 Y:\\Freelancer\\PritiCars\\Pritiself drive cars public_html\\app\\Providers\\AppServiceProvider.php(197): Modules\\Language\\Models\\Language::getActive()
#21 Y:\\Freelancer\\PritiCars\\Pritiself drive cars public_html\\app\\Providers\\AppServiceProvider.php(42): App\\Providers\\AppServiceProvider->setLang()
#22 Y:\\Freelancer\\PritiCars\\Pritiself drive cars public_html\\vendor\\laravel\\framework\\src\\Illuminate\\Container\\BoundMethod.php(36): App\\Providers\\AppServiceProvider->boot(Object(Illuminate\\Http\\Request))
#23 Y:\\Freelancer\\PritiCars\\Pritiself drive cars public_html\\vendor\\laravel\\framework\\src\\Illuminate\\Container\\Util.php(41): Illuminate\\Container\\BoundMethod::Illuminate\\Container\\{closure}()
#24 Y:\\Freelancer\\PritiCars\\Pritiself drive cars public_html\\vendor\\laravel\\framework\\src\\Illuminate\\Container\\BoundMethod.php(93): Illuminate\\Container\\Util::unwrapIfClosure(Object(Closure))
#25 Y:\\Freelancer\\PritiCars\\Pritiself drive cars public_html\\vendor\\laravel\\framework\\src\\Illuminate\\Container\\BoundMethod.php(35): Illuminate\\Container\\BoundMethod::callBoundMethod(Object(Illuminate\\Foundation\\Application), Array, Object(Closure))
#26 Y:\\Freelancer\\PritiCars\\Pritiself drive cars public_html\\vendor\\laravel\\framework\\src\\Illuminate\\Container\\Container.php(661): Illuminate\\Container\\BoundMethod::call(Object(Illuminate\\Foundation\\Application), Array, Array, NULL)
#27 Y:\\Freelancer\\PritiCars\\Pritiself drive cars public_html\\vendor\\laravel\\framework\\src\\Illuminate\\Foundation\\Application.php(954): Illuminate\\Container\\Container->call(Array)
#28 Y:\\Freelancer\\PritiCars\\Pritiself drive cars public_html\\vendor\\laravel\\framework\\src\\Illuminate\\Foundation\\Application.php(935): Illuminate\\Foundation\\Application->bootProvider(Object(App\\Providers\\AppServiceProvider))
#29 [internal function]: Illuminate\\Foundation\\Application->Illuminate\\Foundation\\{closure}(Object(App\\Providers\\AppServiceProvider), 34)
#30 Y:\\Freelancer\\PritiCars\\Pritiself drive cars public_html\\vendor\\laravel\\framework\\src\\Illuminate\\Foundation\\Application.php(934): array_walk(Array, Object(Closure))
#31 Y:\\Freelancer\\PritiCars\\Pritiself drive cars public_html\\vendor\\laravel\\framework\\src\\Illuminate\\Foundation\\Bootstrap\\BootProviders.php(17): Illuminate\\Foundation\\Application->boot()
#32 Y:\\Freelancer\\PritiCars\\Pritiself drive cars public_html\\vendor\\laravel\\framework\\src\\Illuminate\\Foundation\\Application.php(265): Illuminate\\Foundation\\Bootstrap\\BootProviders->bootstrap(Object(Illuminate\\Foundation\\Application))
#33 Y:\\Freelancer\\PritiCars\\Pritiself drive cars public_html\\vendor\\laravel\\framework\\src\\Illuminate\\Foundation\\Console\\Kernel.php(383): Illuminate\\Foundation\\Application->bootstrapWith(Array)
#34 Y:\\Freelancer\\PritiCars\\Pritiself drive cars public_html\\vendor\\laravel\\framework\\src\\Illuminate\\Foundation\\Console\\Kernel.php(153): Illuminate\\Foundation\\Console\\Kernel->bootstrap()
#35 Y:\\Freelancer\\PritiCars\\Pritiself drive cars public_html\\artisan(38): Illuminate\\Foundation\\Console\\Kernel->handle(Object(Symfony\\Component\\Console\\Input\\ArgvInput), Object(Symfony\\Component\\Console\\Output\\ConsoleOutput))
#36 {main}

[previous exception] [object] (PDOException(code: 2002): SQLSTATE[HY000] [2002] No connection could be made because the target machine actively refused it at Y:\\Freelancer\\PritiCars\\Pritiself drive cars public_html\\vendor\\laravel\\framework\\src\\Illuminate\\Database\\Connectors\\Connector.php:70)
[stacktrace]
#0 Y:\\Freelancer\\PritiCars\\Pritiself drive cars public_html\\vendor\\laravel\\framework\\src\\Illuminate\\Database\\Connectors\\Connector.php(70): PDO->__construct('mysql:host=127....', 'root', Object(SensitiveParameterValue), Array)
#1 Y:\\Freelancer\\PritiCars\\Pritiself drive cars public_html\\vendor\\laravel\\framework\\src\\Illuminate\\Database\\Connectors\\Connector.php(45): Illuminate\\Database\\Connectors\\Connector->createPdoConnection('mysql:host=127....', 'root', '12345', Array)
#2 Y:\\Freelancer\\PritiCars\\Pritiself drive cars public_html\\vendor\\laravel\\framework\\src\\Illuminate\\Database\\Connectors\\MySqlConnector.php(24): Illuminate\\Database\\Connectors\\Connector->createConnection('mysql:host=127....', Array, Array)
#3 Y:\\Freelancer\\PritiCars\\Pritiself drive cars public_html\\vendor\\laravel\\framework\\src\\Illuminate\\Database\\Connectors\\ConnectionFactory.php(184): Illuminate\\Database\\Connectors\\MySqlConnector->connect(Array)
#4 [internal function]: Illuminate\\Database\\Connectors\\ConnectionFactory->Illuminate\\Database\\Connectors\\{closure}()
#5 Y:\\Freelancer\\PritiCars\\Pritiself drive cars public_html\\vendor\\laravel\\framework\\src\\Illuminate\\Database\\Connection.php(1181): call_user_func(Object(Closure))
#6 Y:\\Freelancer\\PritiCars\\Pritiself drive cars public_html\\vendor\\laravel\\framework\\src\\Illuminate\\Database\\Connection.php(1217): Illuminate\\Database\\Connection->getPdo()
#7 Y:\\Freelancer\\PritiCars\\Pritiself drive cars public_html\\vendor\\laravel\\framework\\src\\Illuminate\\Database\\Connection.php(486): Illuminate\\Database\\Connection->getReadPdo()
#8 Y:\\Freelancer\\PritiCars\\Pritiself drive cars public_html\\vendor\\laravel\\framework\\src\\Illuminate\\Database\\Connection.php(414): Illuminate\\Database\\Connection->getPdoForSelect(true)
#9 Y:\\Freelancer\\PritiCars\\Pritiself drive cars public_html\\vendor\\laravel\\framework\\src\\Illuminate\\Database\\Connection.php(753): Illuminate\\Database\\Connection->Illuminate\\Database\\{closure}('select * from `...', Array)
#10 Y:\\Freelancer\\PritiCars\\Pritiself drive cars public_html\\vendor\\laravel\\framework\\src\\Illuminate\\Database\\Connection.php(720): Illuminate\\Database\\Connection->runQueryCallback('select * from `...', Array, Object(Closure))
#11 Y:\\Freelancer\\PritiCars\\Pritiself drive cars public_html\\vendor\\laravel\\framework\\src\\Illuminate\\Database\\Connection.php(405): Illuminate\\Database\\Connection->run('select * from `...', Array, Object(Closure))
#12 Y:\\Freelancer\\PritiCars\\Pritiself drive cars public_html\\vendor\\laravel\\framework\\src\\Illuminate\\Database\\Query\\Builder.php(2705): Illuminate\\Database\\Connection->select('select * from `...', Array, true)
#13 Y:\\Freelancer\\PritiCars\\Pritiself drive cars public_html\\vendor\\laravel\\framework\\src\\Illuminate\\Database\\Query\\Builder.php(2694): Illuminate\\Database\\Query\\Builder->runSelect()
#14 Y:\\Freelancer\\PritiCars\\Pritiself drive cars public_html\\vendor\\laravel\\framework\\src\\Illuminate\\Database\\Query\\Builder.php(3230): Illuminate\\Database\\Query\\Builder->Illuminate\\Database\\Query\\{closure}()
#15 Y:\\Freelancer\\PritiCars\\Pritiself drive cars public_html\\vendor\\laravel\\framework\\src\\Illuminate\\Database\\Query\\Builder.php(2693): Illuminate\\Database\\Query\\Builder->onceWithColumns(Array, Object(Closure))
#16 Y:\\Freelancer\\PritiCars\\Pritiself drive cars public_html\\vendor\\laravel\\framework\\src\\Illuminate\\Database\\Eloquent\\Builder.php(710): Illuminate\\Database\\Query\\Builder->get(Array)
#17 Y:\\Freelancer\\PritiCars\\Pritiself drive cars public_html\\vendor\\laravel\\framework\\src\\Illuminate\\Database\\Eloquent\\Builder.php(694): Illuminate\\Database\\Eloquent\\Builder->getModels(Array)
#18 Y:\\Freelancer\\PritiCars\\Pritiself drive cars public_html\\vendor\\laravel\\framework\\src\\Illuminate\\Database\\Concerns\\BuildsQueries.php(296): Illuminate\\Database\\Eloquent\\Builder->get(Array)
#19 Y:\\Freelancer\\PritiCars\\Pritiself drive cars public_html\\modules\\Core\\Models\\Settings.php(35): Illuminate\\Database\\Eloquent\\Builder->first()
#20 Y:\\Freelancer\\PritiCars\\Pritiself drive cars public_html\\vendor\\laravel\\framework\\src\\Illuminate\\Cache\\Repository.php(438): Modules\\Core\\Models\\Settings::Modules\\Core\\Models\\{closure}()
#21 Y:\\Freelancer\\PritiCars\\Pritiself drive cars public_html\\vendor\\laravel\\framework\\src\\Illuminate\\Cache\\CacheManager.php(408): Illuminate\\Cache\\Repository->rememberForever('setting_site_lo...', Object(Closure))
#22 Y:\\Freelancer\\PritiCars\\Pritiself drive cars public_html\\vendor\\laravel\\framework\\src\\Illuminate\\Support\\Facades\\Facade.php(338): Illuminate\\Cache\\CacheManager->__call('rememberForever', Array)
#23 Y:\\Freelancer\\PritiCars\\Pritiself drive cars public_html\\modules\\Core\\Models\\Settings.php(34): Illuminate\\Support\\Facades\\Facade::__callStatic('rememberForever', Array)
#24 Y:\\Freelancer\\PritiCars\\Pritiself drive cars public_html\\app\\Helpers\\AppHelper.php(18): Modules\\Core\\Models\\Settings::item('site_locale', '')
#25 Y:\\Freelancer\\PritiCars\\Pritiself drive cars public_html\\modules\\Language\\Models\\Language.php(33): setting_item('site_locale')
#26 Y:\\Freelancer\\PritiCars\\Pritiself drive cars public_html\\vendor\\laravel\\framework\\src\\Illuminate\\Cache\\Repository.php(438): Modules\\Language\\Models\\Language::Modules\\Language\\Models\\{closure}()
#27 Y:\\Freelancer\\PritiCars\\Pritiself drive cars public_html\\vendor\\laravel\\framework\\src\\Illuminate\\Cache\\CacheManager.php(408): Illuminate\\Cache\\Repository->rememberForever('locale_active_1', Object(Closure))
#28 Y:\\Freelancer\\PritiCars\\Pritiself drive cars public_html\\vendor\\laravel\\framework\\src\\Illuminate\\Support\\Facades\\Facade.php(338): Illuminate\\Cache\\CacheManager->__call('rememberForever', Array)
#29 Y:\\Freelancer\\PritiCars\\Pritiself drive cars public_html\\modules\\Language\\Models\\Language.php(28): Illuminate\\Support\\Facades\\Facade::__callStatic('rememberForever', Array)
#30 Y:\\Freelancer\\PritiCars\\Pritiself drive cars public_html\\app\\Providers\\AppServiceProvider.php(197): Modules\\Language\\Models\\Language::getActive()
#31 Y:\\Freelancer\\PritiCars\\Pritiself drive cars public_html\\app\\Providers\\AppServiceProvider.php(42): App\\Providers\\AppServiceProvider->setLang()
#32 Y:\\Freelancer\\PritiCars\\Pritiself drive cars public_html\\vendor\\laravel\\framework\\src\\Illuminate\\Container\\BoundMethod.php(36): App\\Providers\\AppServiceProvider->boot(Object(Illuminate\\Http\\Request))
#33 Y:\\Freelancer\\PritiCars\\Pritiself drive cars public_html\\vendor\\laravel\\framework\\src\\Illuminate\\Container\\Util.php(41): Illuminate\\Container\\BoundMethod::Illuminate\\Container\\{closure}()
#34 Y:\\Freelancer\\PritiCars\\Pritiself drive cars public_html\\vendor\\laravel\\framework\\src\\Illuminate\\Container\\BoundMethod.php(93): Illuminate\\Container\\Util::unwrapIfClosure(Object(Closure))
#35 Y:\\Freelancer\\PritiCars\\Pritiself drive cars public_html\\vendor\\laravel\\framework\\src\\Illuminate\\Container\\BoundMethod.php(35): Illuminate\\Container\\BoundMethod::callBoundMethod(Object(Illuminate\\Foundation\\Application), Array, Object(Closure))
#36 Y:\\Freelancer\\PritiCars\\Pritiself drive cars public_html\\vendor\\laravel\\framework\\src\\Illuminate\\Container\\Container.php(661): Illuminate\\Container\\BoundMethod::call(Object(Illuminate\\Foundation\\Application), Array, Array, NULL)
#37 Y:\\Freelancer\\PritiCars\\Pritiself drive cars public_html\\vendor\\laravel\\framework\\src\\Illuminate\\Foundation\\Application.php(954): Illuminate\\Container\\Container->call(Array)
#38 Y:\\Freelancer\\PritiCars\\Pritiself drive cars public_html\\vendor\\laravel\\framework\\src\\Illuminate\\Foundation\\Application.php(935): Illuminate\\Foundation\\Application->bootProvider(Object(App\\Providers\\AppServiceProvider))
#39 [internal function]: Illuminate\\Foundation\\Application->Illuminate\\Foundation\\{closure}(Object(App\\Providers\\AppServiceProvider), 34)
#40 Y:\\Freelancer\\PritiCars\\Pritiself drive cars public_html\\vendor\\laravel\\framework\\src\\Illuminate\\Foundation\\Application.php(934): array_walk(Array, Object(Closure))
#41 Y:\\Freelancer\\PritiCars\\Pritiself drive cars public_html\\vendor\\laravel\\framework\\src\\Illuminate\\Foundation\\Bootstrap\\BootProviders.php(17): Illuminate\\Foundation\\Application->boot()
#42 Y:\\Freelancer\\PritiCars\\Pritiself drive cars public_html\\vendor\\laravel\\framework\\src\\Illuminate\\Foundation\\Application.php(265): Illuminate\\Foundation\\Bootstrap\\BootProviders->bootstrap(Object(Illuminate\\Foundation\\Application))
#43 Y:\\Freelancer\\PritiCars\\Pritiself drive cars public_html\\vendor\\laravel\\framework\\src\\Illuminate\\Foundation\\Console\\Kernel.php(383): Illuminate\\Foundation\\Application->bootstrapWith(Array)
#44 Y:\\Freelancer\\PritiCars\\Pritiself drive cars public_html\\vendor\\laravel\\framework\\src\\Illuminate\\Foundation\\Console\\Kernel.php(153): Illuminate\\Foundation\\Console\\Kernel->bootstrap()
#45 Y:\\Freelancer\\PritiCars\\Pritiself drive cars public_html\\artisan(38): Illuminate\\Foundation\\Console\\Kernel->handle(Object(Symfony\\Component\\Console\\Input\\ArgvInput), Object(Symfony\\Component\\Console\\Output\\ConsoleOutput))
#46 {main}
"} 
[2025-09-03 14:42:44] production.ERROR: SQLSTATE[HY000] [2002] No connection could be made because the target machine actively refused it (SQL: select * from `core_settings` where `name` = site_locale limit 1) {"exception":"[object] (Illuminate\\Database\\QueryException(code: 2002): SQLSTATE[HY000] [2002] No connection could be made because the target machine actively refused it (SQL: select * from `core_settings` where `name` = site_locale limit 1) at Y:\\Freelancer\\PritiCars\\Pritiself drive cars public_html\\vendor\\laravel\\framework\\src\\Illuminate\\Database\\Connection.php:760)
[stacktrace]
#0 Y:\\Freelancer\\PritiCars\\Pritiself drive cars public_html\\vendor\\laravel\\framework\\src\\Illuminate\\Database\\Connection.php(720): Illuminate\\Database\\Connection->runQueryCallback('select * from `...', Array, Object(Closure))
#1 Y:\\Freelancer\\PritiCars\\Pritiself drive cars public_html\\vendor\\laravel\\framework\\src\\Illuminate\\Database\\Connection.php(405): Illuminate\\Database\\Connection->run('select * from `...', Array, Object(Closure))
#2 Y:\\Freelancer\\PritiCars\\Pritiself drive cars public_html\\vendor\\laravel\\framework\\src\\Illuminate\\Database\\Query\\Builder.php(2705): Illuminate\\Database\\Connection->select('select * from `...', Array, true)
#3 Y:\\Freelancer\\PritiCars\\Pritiself drive cars public_html\\vendor\\laravel\\framework\\src\\Illuminate\\Database\\Query\\Builder.php(2694): Illuminate\\Database\\Query\\Builder->runSelect()
#4 Y:\\Freelancer\\PritiCars\\Pritiself drive cars public_html\\vendor\\laravel\\framework\\src\\Illuminate\\Database\\Query\\Builder.php(3230): Illuminate\\Database\\Query\\Builder->Illuminate\\Database\\Query\\{closure}()
#5 Y:\\Freelancer\\PritiCars\\Pritiself drive cars public_html\\vendor\\laravel\\framework\\src\\Illuminate\\Database\\Query\\Builder.php(2693): Illuminate\\Database\\Query\\Builder->onceWithColumns(Array, Object(Closure))
#6 Y:\\Freelancer\\PritiCars\\Pritiself drive cars public_html\\vendor\\laravel\\framework\\src\\Illuminate\\Database\\Eloquent\\Builder.php(710): Illuminate\\Database\\Query\\Builder->get(Array)
#7 Y:\\Freelancer\\PritiCars\\Pritiself drive cars public_html\\vendor\\laravel\\framework\\src\\Illuminate\\Database\\Eloquent\\Builder.php(694): Illuminate\\Database\\Eloquent\\Builder->getModels(Array)
#8 Y:\\Freelancer\\PritiCars\\Pritiself drive cars public_html\\vendor\\laravel\\framework\\src\\Illuminate\\Database\\Concerns\\BuildsQueries.php(296): Illuminate\\Database\\Eloquent\\Builder->get(Array)
#9 Y:\\Freelancer\\PritiCars\\Pritiself drive cars public_html\\modules\\Core\\Models\\Settings.php(35): Illuminate\\Database\\Eloquent\\Builder->first()
#10 Y:\\Freelancer\\PritiCars\\Pritiself drive cars public_html\\vendor\\laravel\\framework\\src\\Illuminate\\Cache\\Repository.php(438): Modules\\Core\\Models\\Settings::Modules\\Core\\Models\\{closure}()
#11 Y:\\Freelancer\\PritiCars\\Pritiself drive cars public_html\\vendor\\laravel\\framework\\src\\Illuminate\\Cache\\CacheManager.php(408): Illuminate\\Cache\\Repository->rememberForever('setting_site_lo...', Object(Closure))
#12 Y:\\Freelancer\\PritiCars\\Pritiself drive cars public_html\\vendor\\laravel\\framework\\src\\Illuminate\\Support\\Facades\\Facade.php(338): Illuminate\\Cache\\CacheManager->__call('rememberForever', Array)
#13 Y:\\Freelancer\\PritiCars\\Pritiself drive cars public_html\\modules\\Core\\Models\\Settings.php(34): Illuminate\\Support\\Facades\\Facade::__callStatic('rememberForever', Array)
#14 Y:\\Freelancer\\PritiCars\\Pritiself drive cars public_html\\app\\Helpers\\AppHelper.php(18): Modules\\Core\\Models\\Settings::item('site_locale', '')
#15 Y:\\Freelancer\\PritiCars\\Pritiself drive cars public_html\\modules\\Language\\Models\\Language.php(33): setting_item('site_locale')
#16 Y:\\Freelancer\\PritiCars\\Pritiself drive cars public_html\\vendor\\laravel\\framework\\src\\Illuminate\\Cache\\Repository.php(438): Modules\\Language\\Models\\Language::Modules\\Language\\Models\\{closure}()
#17 Y:\\Freelancer\\PritiCars\\Pritiself drive cars public_html\\vendor\\laravel\\framework\\src\\Illuminate\\Cache\\CacheManager.php(408): Illuminate\\Cache\\Repository->rememberForever('locale_active_1', Object(Closure))
#18 Y:\\Freelancer\\PritiCars\\Pritiself drive cars public_html\\vendor\\laravel\\framework\\src\\Illuminate\\Support\\Facades\\Facade.php(338): Illuminate\\Cache\\CacheManager->__call('rememberForever', Array)
#19 Y:\\Freelancer\\PritiCars\\Pritiself drive cars public_html\\modules\\Language\\Models\\Language.php(28): Illuminate\\Support\\Facades\\Facade::__callStatic('rememberForever', Array)
#20 Y:\\Freelancer\\PritiCars\\Pritiself drive cars public_html\\app\\Providers\\AppServiceProvider.php(197): Modules\\Language\\Models\\Language::getActive()
#21 Y:\\Freelancer\\PritiCars\\Pritiself drive cars public_html\\app\\Providers\\AppServiceProvider.php(42): App\\Providers\\AppServiceProvider->setLang()
#22 Y:\\Freelancer\\PritiCars\\Pritiself drive cars public_html\\vendor\\laravel\\framework\\src\\Illuminate\\Container\\BoundMethod.php(36): App\\Providers\\AppServiceProvider->boot(Object(Illuminate\\Http\\Request))
#23 Y:\\Freelancer\\PritiCars\\Pritiself drive cars public_html\\vendor\\laravel\\framework\\src\\Illuminate\\Container\\Util.php(41): Illuminate\\Container\\BoundMethod::Illuminate\\Container\\{closure}()
#24 Y:\\Freelancer\\PritiCars\\Pritiself drive cars public_html\\vendor\\laravel\\framework\\src\\Illuminate\\Container\\BoundMethod.php(93): Illuminate\\Container\\Util::unwrapIfClosure(Object(Closure))
#25 Y:\\Freelancer\\PritiCars\\Pritiself drive cars public_html\\vendor\\laravel\\framework\\src\\Illuminate\\Container\\BoundMethod.php(35): Illuminate\\Container\\BoundMethod::callBoundMethod(Object(Illuminate\\Foundation\\Application), Array, Object(Closure))
#26 Y:\\Freelancer\\PritiCars\\Pritiself drive cars public_html\\vendor\\laravel\\framework\\src\\Illuminate\\Container\\Container.php(661): Illuminate\\Container\\BoundMethod::call(Object(Illuminate\\Foundation\\Application), Array, Array, NULL)
#27 Y:\\Freelancer\\PritiCars\\Pritiself drive cars public_html\\vendor\\laravel\\framework\\src\\Illuminate\\Foundation\\Application.php(954): Illuminate\\Container\\Container->call(Array)
#28 Y:\\Freelancer\\PritiCars\\Pritiself drive cars public_html\\vendor\\laravel\\framework\\src\\Illuminate\\Foundation\\Application.php(935): Illuminate\\Foundation\\Application->bootProvider(Object(App\\Providers\\AppServiceProvider))
#29 [internal function]: Illuminate\\Foundation\\Application->Illuminate\\Foundation\\{closure}(Object(App\\Providers\\AppServiceProvider), 34)
#30 Y:\\Freelancer\\PritiCars\\Pritiself drive cars public_html\\vendor\\laravel\\framework\\src\\Illuminate\\Foundation\\Application.php(934): array_walk(Array, Object(Closure))
#31 Y:\\Freelancer\\PritiCars\\Pritiself drive cars public_html\\vendor\\laravel\\framework\\src\\Illuminate\\Foundation\\Bootstrap\\BootProviders.php(17): Illuminate\\Foundation\\Application->boot()
#32 Y:\\Freelancer\\PritiCars\\Pritiself drive cars public_html\\vendor\\laravel\\framework\\src\\Illuminate\\Foundation\\Application.php(265): Illuminate\\Foundation\\Bootstrap\\BootProviders->bootstrap(Object(Illuminate\\Foundation\\Application))
#33 Y:\\Freelancer\\PritiCars\\Pritiself drive cars public_html\\vendor\\laravel\\framework\\src\\Illuminate\\Foundation\\Console\\Kernel.php(383): Illuminate\\Foundation\\Application->bootstrapWith(Array)
#34 Y:\\Freelancer\\PritiCars\\Pritiself drive cars public_html\\vendor\\laravel\\framework\\src\\Illuminate\\Foundation\\Console\\Kernel.php(153): Illuminate\\Foundation\\Console\\Kernel->bootstrap()
#35 Y:\\Freelancer\\PritiCars\\Pritiself drive cars public_html\\artisan(38): Illuminate\\Foundation\\Console\\Kernel->handle(Object(Symfony\\Component\\Console\\Input\\ArgvInput), Object(Symfony\\Component\\Console\\Output\\ConsoleOutput))
#36 {main}

[previous exception] [object] (PDOException(code: 2002): SQLSTATE[HY000] [2002] No connection could be made because the target machine actively refused it at Y:\\Freelancer\\PritiCars\\Pritiself drive cars public_html\\vendor\\laravel\\framework\\src\\Illuminate\\Database\\Connectors\\Connector.php:70)
[stacktrace]
#0 Y:\\Freelancer\\PritiCars\\Pritiself drive cars public_html\\vendor\\laravel\\framework\\src\\Illuminate\\Database\\Connectors\\Connector.php(70): PDO->__construct('mysql:host=127....', 'root', Object(SensitiveParameterValue), Array)
#1 Y:\\Freelancer\\PritiCars\\Pritiself drive cars public_html\\vendor\\laravel\\framework\\src\\Illuminate\\Database\\Connectors\\Connector.php(45): Illuminate\\Database\\Connectors\\Connector->createPdoConnection('mysql:host=127....', 'root', '12345', Array)
#2 Y:\\Freelancer\\PritiCars\\Pritiself drive cars public_html\\vendor\\laravel\\framework\\src\\Illuminate\\Database\\Connectors\\MySqlConnector.php(24): Illuminate\\Database\\Connectors\\Connector->createConnection('mysql:host=127....', Array, Array)
#3 Y:\\Freelancer\\PritiCars\\Pritiself drive cars public_html\\vendor\\laravel\\framework\\src\\Illuminate\\Database\\Connectors\\ConnectionFactory.php(184): Illuminate\\Database\\Connectors\\MySqlConnector->connect(Array)
#4 [internal function]: Illuminate\\Database\\Connectors\\ConnectionFactory->Illuminate\\Database\\Connectors\\{closure}()
#5 Y:\\Freelancer\\PritiCars\\Pritiself drive cars public_html\\vendor\\laravel\\framework\\src\\Illuminate\\Database\\Connection.php(1181): call_user_func(Object(Closure))
#6 Y:\\Freelancer\\PritiCars\\Pritiself drive cars public_html\\vendor\\laravel\\framework\\src\\Illuminate\\Database\\Connection.php(1217): Illuminate\\Database\\Connection->getPdo()
#7 Y:\\Freelancer\\PritiCars\\Pritiself drive cars public_html\\vendor\\laravel\\framework\\src\\Illuminate\\Database\\Connection.php(486): Illuminate\\Database\\Connection->getReadPdo()
#8 Y:\\Freelancer\\PritiCars\\Pritiself drive cars public_html\\vendor\\laravel\\framework\\src\\Illuminate\\Database\\Connection.php(414): Illuminate\\Database\\Connection->getPdoForSelect(true)
#9 Y:\\Freelancer\\PritiCars\\Pritiself drive cars public_html\\vendor\\laravel\\framework\\src\\Illuminate\\Database\\Connection.php(753): Illuminate\\Database\\Connection->Illuminate\\Database\\{closure}('select * from `...', Array)
#10 Y:\\Freelancer\\PritiCars\\Pritiself drive cars public_html\\vendor\\laravel\\framework\\src\\Illuminate\\Database\\Connection.php(720): Illuminate\\Database\\Connection->runQueryCallback('select * from `...', Array, Object(Closure))
#11 Y:\\Freelancer\\PritiCars\\Pritiself drive cars public_html\\vendor\\laravel\\framework\\src\\Illuminate\\Database\\Connection.php(405): Illuminate\\Database\\Connection->run('select * from `...', Array, Object(Closure))
#12 Y:\\Freelancer\\PritiCars\\Pritiself drive cars public_html\\vendor\\laravel\\framework\\src\\Illuminate\\Database\\Query\\Builder.php(2705): Illuminate\\Database\\Connection->select('select * from `...', Array, true)
#13 Y:\\Freelancer\\PritiCars\\Pritiself drive cars public_html\\vendor\\laravel\\framework\\src\\Illuminate\\Database\\Query\\Builder.php(2694): Illuminate\\Database\\Query\\Builder->runSelect()
#14 Y:\\Freelancer\\PritiCars\\Pritiself drive cars public_html\\vendor\\laravel\\framework\\src\\Illuminate\\Database\\Query\\Builder.php(3230): Illuminate\\Database\\Query\\Builder->Illuminate\\Database\\Query\\{closure}()
#15 Y:\\Freelancer\\PritiCars\\Pritiself drive cars public_html\\vendor\\laravel\\framework\\src\\Illuminate\\Database\\Query\\Builder.php(2693): Illuminate\\Database\\Query\\Builder->onceWithColumns(Array, Object(Closure))
#16 Y:\\Freelancer\\PritiCars\\Pritiself drive cars public_html\\vendor\\laravel\\framework\\src\\Illuminate\\Database\\Eloquent\\Builder.php(710): Illuminate\\Database\\Query\\Builder->get(Array)
#17 Y:\\Freelancer\\PritiCars\\Pritiself drive cars public_html\\vendor\\laravel\\framework\\src\\Illuminate\\Database\\Eloquent\\Builder.php(694): Illuminate\\Database\\Eloquent\\Builder->getModels(Array)
#18 Y:\\Freelancer\\PritiCars\\Pritiself drive cars public_html\\vendor\\laravel\\framework\\src\\Illuminate\\Database\\Concerns\\BuildsQueries.php(296): Illuminate\\Database\\Eloquent\\Builder->get(Array)
#19 Y:\\Freelancer\\PritiCars\\Pritiself drive cars public_html\\modules\\Core\\Models\\Settings.php(35): Illuminate\\Database\\Eloquent\\Builder->first()
#20 Y:\\Freelancer\\PritiCars\\Pritiself drive cars public_html\\vendor\\laravel\\framework\\src\\Illuminate\\Cache\\Repository.php(438): Modules\\Core\\Models\\Settings::Modules\\Core\\Models\\{closure}()
#21 Y:\\Freelancer\\PritiCars\\Pritiself drive cars public_html\\vendor\\laravel\\framework\\src\\Illuminate\\Cache\\CacheManager.php(408): Illuminate\\Cache\\Repository->rememberForever('setting_site_lo...', Object(Closure))
#22 Y:\\Freelancer\\PritiCars\\Pritiself drive cars public_html\\vendor\\laravel\\framework\\src\\Illuminate\\Support\\Facades\\Facade.php(338): Illuminate\\Cache\\CacheManager->__call('rememberForever', Array)
#23 Y:\\Freelancer\\PritiCars\\Pritiself drive cars public_html\\modules\\Core\\Models\\Settings.php(34): Illuminate\\Support\\Facades\\Facade::__callStatic('rememberForever', Array)
#24 Y:\\Freelancer\\PritiCars\\Pritiself drive cars public_html\\app\\Helpers\\AppHelper.php(18): Modules\\Core\\Models\\Settings::item('site_locale', '')
#25 Y:\\Freelancer\\PritiCars\\Pritiself drive cars public_html\\modules\\Language\\Models\\Language.php(33): setting_item('site_locale')
#26 Y:\\Freelancer\\PritiCars\\Pritiself drive cars public_html\\vendor\\laravel\\framework\\src\\Illuminate\\Cache\\Repository.php(438): Modules\\Language\\Models\\Language::Modules\\Language\\Models\\{closure}()
#27 Y:\\Freelancer\\PritiCars\\Pritiself drive cars public_html\\vendor\\laravel\\framework\\src\\Illuminate\\Cache\\CacheManager.php(408): Illuminate\\Cache\\Repository->rememberForever('locale_active_1', Object(Closure))
#28 Y:\\Freelancer\\PritiCars\\Pritiself drive cars public_html\\vendor\\laravel\\framework\\src\\Illuminate\\Support\\Facades\\Facade.php(338): Illuminate\\Cache\\CacheManager->__call('rememberForever', Array)
#29 Y:\\Freelancer\\PritiCars\\Pritiself drive cars public_html\\modules\\Language\\Models\\Language.php(28): Illuminate\\Support\\Facades\\Facade::__callStatic('rememberForever', Array)
#30 Y:\\Freelancer\\PritiCars\\Pritiself drive cars public_html\\app\\Providers\\AppServiceProvider.php(197): Modules\\Language\\Models\\Language::getActive()
#31 Y:\\Freelancer\\PritiCars\\Pritiself drive cars public_html\\app\\Providers\\AppServiceProvider.php(42): App\\Providers\\AppServiceProvider->setLang()
#32 Y:\\Freelancer\\PritiCars\\Pritiself drive cars public_html\\vendor\\laravel\\framework\\src\\Illuminate\\Container\\BoundMethod.php(36): App\\Providers\\AppServiceProvider->boot(Object(Illuminate\\Http\\Request))
#33 Y:\\Freelancer\\PritiCars\\Pritiself drive cars public_html\\vendor\\laravel\\framework\\src\\Illuminate\\Container\\Util.php(41): Illuminate\\Container\\BoundMethod::Illuminate\\Container\\{closure}()
#34 Y:\\Freelancer\\PritiCars\\Pritiself drive cars public_html\\vendor\\laravel\\framework\\src\\Illuminate\\Container\\BoundMethod.php(93): Illuminate\\Container\\Util::unwrapIfClosure(Object(Closure))
#35 Y:\\Freelancer\\PritiCars\\Pritiself drive cars public_html\\vendor\\laravel\\framework\\src\\Illuminate\\Container\\BoundMethod.php(35): Illuminate\\Container\\BoundMethod::callBoundMethod(Object(Illuminate\\Foundation\\Application), Array, Object(Closure))
#36 Y:\\Freelancer\\PritiCars\\Pritiself drive cars public_html\\vendor\\laravel\\framework\\src\\Illuminate\\Container\\Container.php(661): Illuminate\\Container\\BoundMethod::call(Object(Illuminate\\Foundation\\Application), Array, Array, NULL)
#37 Y:\\Freelancer\\PritiCars\\Pritiself drive cars public_html\\vendor\\laravel\\framework\\src\\Illuminate\\Foundation\\Application.php(954): Illuminate\\Container\\Container->call(Array)
#38 Y:\\Freelancer\\PritiCars\\Pritiself drive cars public_html\\vendor\\laravel\\framework\\src\\Illuminate\\Foundation\\Application.php(935): Illuminate\\Foundation\\Application->bootProvider(Object(App\\Providers\\AppServiceProvider))
#39 [internal function]: Illuminate\\Foundation\\Application->Illuminate\\Foundation\\{closure}(Object(App\\Providers\\AppServiceProvider), 34)
#40 Y:\\Freelancer\\PritiCars\\Pritiself drive cars public_html\\vendor\\laravel\\framework\\src\\Illuminate\\Foundation\\Application.php(934): array_walk(Array, Object(Closure))
#41 Y:\\Freelancer\\PritiCars\\Pritiself drive cars public_html\\vendor\\laravel\\framework\\src\\Illuminate\\Foundation\\Bootstrap\\BootProviders.php(17): Illuminate\\Foundation\\Application->boot()
#42 Y:\\Freelancer\\PritiCars\\Pritiself drive cars public_html\\vendor\\laravel\\framework\\src\\Illuminate\\Foundation\\Application.php(265): Illuminate\\Foundation\\Bootstrap\\BootProviders->bootstrap(Object(Illuminate\\Foundation\\Application))
#43 Y:\\Freelancer\\PritiCars\\Pritiself drive cars public_html\\vendor\\laravel\\framework\\src\\Illuminate\\Foundation\\Console\\Kernel.php(383): Illuminate\\Foundation\\Application->bootstrapWith(Array)
#44 Y:\\Freelancer\\PritiCars\\Pritiself drive cars public_html\\vendor\\laravel\\framework\\src\\Illuminate\\Foundation\\Console\\Kernel.php(153): Illuminate\\Foundation\\Console\\Kernel->bootstrap()
#45 Y:\\Freelancer\\PritiCars\\Pritiself drive cars public_html\\artisan(38): Illuminate\\Foundation\\Console\\Kernel->handle(Object(Symfony\\Component\\Console\\Input\\ArgvInput), Object(Symfony\\Component\\Console\\Output\\ConsoleOutput))
#46 {main}
"} 
[2025-09-03 14:44:18] production.ERROR: SQLSTATE[HY000] [1045] Access denied for user 'root'@'localhost' (using password: NO) (SQL: select * from `core_settings` where `name` = site_locale limit 1) {"exception":"[object] (Illuminate\\Database\\QueryException(code: 1045): SQLSTATE[HY000] [1045] Access denied for user 'root'@'localhost' (using password: NO) (SQL: select * from `core_settings` where `name` = site_locale limit 1) at Y:\\Freelancer\\PritiCars\\Pritiself drive cars public_html\\vendor\\laravel\\framework\\src\\Illuminate\\Database\\Connection.php:760)
[stacktrace]
#0 Y:\\Freelancer\\PritiCars\\Pritiself drive cars public_html\\vendor\\laravel\\framework\\src\\Illuminate\\Database\\Connection.php(720): Illuminate\\Database\\Connection->runQueryCallback('select * from `...', Array, Object(Closure))
#1 Y:\\Freelancer\\PritiCars\\Pritiself drive cars public_html\\vendor\\laravel\\framework\\src\\Illuminate\\Database\\Connection.php(405): Illuminate\\Database\\Connection->run('select * from `...', Array, Object(Closure))
#2 Y:\\Freelancer\\PritiCars\\Pritiself drive cars public_html\\vendor\\laravel\\framework\\src\\Illuminate\\Database\\Query\\Builder.php(2705): Illuminate\\Database\\Connection->select('select * from `...', Array, true)
#3 Y:\\Freelancer\\PritiCars\\Pritiself drive cars public_html\\vendor\\laravel\\framework\\src\\Illuminate\\Database\\Query\\Builder.php(2694): Illuminate\\Database\\Query\\Builder->runSelect()
#4 Y:\\Freelancer\\PritiCars\\Pritiself drive cars public_html\\vendor\\laravel\\framework\\src\\Illuminate\\Database\\Query\\Builder.php(3230): Illuminate\\Database\\Query\\Builder->Illuminate\\Database\\Query\\{closure}()
#5 Y:\\Freelancer\\PritiCars\\Pritiself drive cars public_html\\vendor\\laravel\\framework\\src\\Illuminate\\Database\\Query\\Builder.php(2693): Illuminate\\Database\\Query\\Builder->onceWithColumns(Array, Object(Closure))
#6 Y:\\Freelancer\\PritiCars\\Pritiself drive cars public_html\\vendor\\laravel\\framework\\src\\Illuminate\\Database\\Eloquent\\Builder.php(710): Illuminate\\Database\\Query\\Builder->get(Array)
#7 Y:\\Freelancer\\PritiCars\\Pritiself drive cars public_html\\vendor\\laravel\\framework\\src\\Illuminate\\Database\\Eloquent\\Builder.php(694): Illuminate\\Database\\Eloquent\\Builder->getModels(Array)
#8 Y:\\Freelancer\\PritiCars\\Pritiself drive cars public_html\\vendor\\laravel\\framework\\src\\Illuminate\\Database\\Concerns\\BuildsQueries.php(296): Illuminate\\Database\\Eloquent\\Builder->get(Array)
#9 Y:\\Freelancer\\PritiCars\\Pritiself drive cars public_html\\modules\\Core\\Models\\Settings.php(35): Illuminate\\Database\\Eloquent\\Builder->first()
#10 Y:\\Freelancer\\PritiCars\\Pritiself drive cars public_html\\vendor\\laravel\\framework\\src\\Illuminate\\Cache\\Repository.php(438): Modules\\Core\\Models\\Settings::Modules\\Core\\Models\\{closure}()
#11 Y:\\Freelancer\\PritiCars\\Pritiself drive cars public_html\\vendor\\laravel\\framework\\src\\Illuminate\\Cache\\CacheManager.php(408): Illuminate\\Cache\\Repository->rememberForever('setting_site_lo...', Object(Closure))
#12 Y:\\Freelancer\\PritiCars\\Pritiself drive cars public_html\\vendor\\laravel\\framework\\src\\Illuminate\\Support\\Facades\\Facade.php(338): Illuminate\\Cache\\CacheManager->__call('rememberForever', Array)
#13 Y:\\Freelancer\\PritiCars\\Pritiself drive cars public_html\\modules\\Core\\Models\\Settings.php(34): Illuminate\\Support\\Facades\\Facade::__callStatic('rememberForever', Array)
#14 Y:\\Freelancer\\PritiCars\\Pritiself drive cars public_html\\app\\Helpers\\AppHelper.php(18): Modules\\Core\\Models\\Settings::item('site_locale', '')
#15 Y:\\Freelancer\\PritiCars\\Pritiself drive cars public_html\\modules\\Language\\Models\\Language.php(33): setting_item('site_locale')
#16 Y:\\Freelancer\\PritiCars\\Pritiself drive cars public_html\\vendor\\laravel\\framework\\src\\Illuminate\\Cache\\Repository.php(438): Modules\\Language\\Models\\Language::Modules\\Language\\Models\\{closure}()
#17 Y:\\Freelancer\\PritiCars\\Pritiself drive cars public_html\\vendor\\laravel\\framework\\src\\Illuminate\\Cache\\CacheManager.php(408): Illuminate\\Cache\\Repository->rememberForever('locale_active_1', Object(Closure))
#18 Y:\\Freelancer\\PritiCars\\Pritiself drive cars public_html\\vendor\\laravel\\framework\\src\\Illuminate\\Support\\Facades\\Facade.php(338): Illuminate\\Cache\\CacheManager->__call('rememberForever', Array)
#19 Y:\\Freelancer\\PritiCars\\Pritiself drive cars public_html\\modules\\Language\\Models\\Language.php(28): Illuminate\\Support\\Facades\\Facade::__callStatic('rememberForever', Array)
#20 Y:\\Freelancer\\PritiCars\\Pritiself drive cars public_html\\app\\Providers\\AppServiceProvider.php(197): Modules\\Language\\Models\\Language::getActive()
#21 Y:\\Freelancer\\PritiCars\\Pritiself drive cars public_html\\app\\Providers\\AppServiceProvider.php(42): App\\Providers\\AppServiceProvider->setLang()
#22 Y:\\Freelancer\\PritiCars\\Pritiself drive cars public_html\\vendor\\laravel\\framework\\src\\Illuminate\\Container\\BoundMethod.php(36): App\\Providers\\AppServiceProvider->boot(Object(Illuminate\\Http\\Request))
#23 Y:\\Freelancer\\PritiCars\\Pritiself drive cars public_html\\vendor\\laravel\\framework\\src\\Illuminate\\Container\\Util.php(41): Illuminate\\Container\\BoundMethod::Illuminate\\Container\\{closure}()
#24 Y:\\Freelancer\\PritiCars\\Pritiself drive cars public_html\\vendor\\laravel\\framework\\src\\Illuminate\\Container\\BoundMethod.php(93): Illuminate\\Container\\Util::unwrapIfClosure(Object(Closure))
#25 Y:\\Freelancer\\PritiCars\\Pritiself drive cars public_html\\vendor\\laravel\\framework\\src\\Illuminate\\Container\\BoundMethod.php(35): Illuminate\\Container\\BoundMethod::callBoundMethod(Object(Illuminate\\Foundation\\Application), Array, Object(Closure))
#26 Y:\\Freelancer\\PritiCars\\Pritiself drive cars public_html\\vendor\\laravel\\framework\\src\\Illuminate\\Container\\Container.php(661): Illuminate\\Container\\BoundMethod::call(Object(Illuminate\\Foundation\\Application), Array, Array, NULL)
#27 Y:\\Freelancer\\PritiCars\\Pritiself drive cars public_html\\vendor\\laravel\\framework\\src\\Illuminate\\Foundation\\Application.php(954): Illuminate\\Container\\Container->call(Array)
#28 Y:\\Freelancer\\PritiCars\\Pritiself drive cars public_html\\vendor\\laravel\\framework\\src\\Illuminate\\Foundation\\Application.php(935): Illuminate\\Foundation\\Application->bootProvider(Object(App\\Providers\\AppServiceProvider))
#29 [internal function]: Illuminate\\Foundation\\Application->Illuminate\\Foundation\\{closure}(Object(App\\Providers\\AppServiceProvider), 34)
#30 Y:\\Freelancer\\PritiCars\\Pritiself drive cars public_html\\vendor\\laravel\\framework\\src\\Illuminate\\Foundation\\Application.php(934): array_walk(Array, Object(Closure))
#31 Y:\\Freelancer\\PritiCars\\Pritiself drive cars public_html\\vendor\\laravel\\framework\\src\\Illuminate\\Foundation\\Bootstrap\\BootProviders.php(17): Illuminate\\Foundation\\Application->boot()
#32 Y:\\Freelancer\\PritiCars\\Pritiself drive cars public_html\\vendor\\laravel\\framework\\src\\Illuminate\\Foundation\\Application.php(265): Illuminate\\Foundation\\Bootstrap\\BootProviders->bootstrap(Object(Illuminate\\Foundation\\Application))
#33 Y:\\Freelancer\\PritiCars\\Pritiself drive cars public_html\\vendor\\laravel\\framework\\src\\Illuminate\\Foundation\\Console\\Kernel.php(383): Illuminate\\Foundation\\Application->bootstrapWith(Array)
#34 Y:\\Freelancer\\PritiCars\\Pritiself drive cars public_html\\vendor\\laravel\\framework\\src\\Illuminate\\Foundation\\Console\\Kernel.php(153): Illuminate\\Foundation\\Console\\Kernel->bootstrap()
#35 Y:\\Freelancer\\PritiCars\\Pritiself drive cars public_html\\artisan(38): Illuminate\\Foundation\\Console\\Kernel->handle(Object(Symfony\\Component\\Console\\Input\\ArgvInput), Object(Symfony\\Component\\Console\\Output\\ConsoleOutput))
#36 {main}

[previous exception] [object] (PDOException(code: 1045): SQLSTATE[HY000] [1045] Access denied for user 'root'@'localhost' (using password: NO) at Y:\\Freelancer\\PritiCars\\Pritiself drive cars public_html\\vendor\\laravel\\framework\\src\\Illuminate\\Database\\Connectors\\Connector.php:70)
[stacktrace]
#0 Y:\\Freelancer\\PritiCars\\Pritiself drive cars public_html\\vendor\\laravel\\framework\\src\\Illuminate\\Database\\Connectors\\Connector.php(70): PDO->__construct('mysql:host=127....', 'root', Object(SensitiveParameterValue), Array)
#1 Y:\\Freelancer\\PritiCars\\Pritiself drive cars public_html\\vendor\\laravel\\framework\\src\\Illuminate\\Database\\Connectors\\Connector.php(45): Illuminate\\Database\\Connectors\\Connector->createPdoConnection('mysql:host=127....', 'root', '', Array)
#2 Y:\\Freelancer\\PritiCars\\Pritiself drive cars public_html\\vendor\\laravel\\framework\\src\\Illuminate\\Database\\Connectors\\MySqlConnector.php(24): Illuminate\\Database\\Connectors\\Connector->createConnection('mysql:host=127....', Array, Array)
#3 Y:\\Freelancer\\PritiCars\\Pritiself drive cars public_html\\vendor\\laravel\\framework\\src\\Illuminate\\Database\\Connectors\\ConnectionFactory.php(184): Illuminate\\Database\\Connectors\\MySqlConnector->connect(Array)
#4 [internal function]: Illuminate\\Database\\Connectors\\ConnectionFactory->Illuminate\\Database\\Connectors\\{closure}()
#5 Y:\\Freelancer\\PritiCars\\Pritiself drive cars public_html\\vendor\\laravel\\framework\\src\\Illuminate\\Database\\Connection.php(1181): call_user_func(Object(Closure))
#6 Y:\\Freelancer\\PritiCars\\Pritiself drive cars public_html\\vendor\\laravel\\framework\\src\\Illuminate\\Database\\Connection.php(1217): Illuminate\\Database\\Connection->getPdo()
#7 Y:\\Freelancer\\PritiCars\\Pritiself drive cars public_html\\vendor\\laravel\\framework\\src\\Illuminate\\Database\\Connection.php(486): Illuminate\\Database\\Connection->getReadPdo()
#8 Y:\\Freelancer\\PritiCars\\Pritiself drive cars public_html\\vendor\\laravel\\framework\\src\\Illuminate\\Database\\Connection.php(414): Illuminate\\Database\\Connection->getPdoForSelect(true)
#9 Y:\\Freelancer\\PritiCars\\Pritiself drive cars public_html\\vendor\\laravel\\framework\\src\\Illuminate\\Database\\Connection.php(753): Illuminate\\Database\\Connection->Illuminate\\Database\\{closure}('select * from `...', Array)
#10 Y:\\Freelancer\\PritiCars\\Pritiself drive cars public_html\\vendor\\laravel\\framework\\src\\Illuminate\\Database\\Connection.php(720): Illuminate\\Database\\Connection->runQueryCallback('select * from `...', Array, Object(Closure))
#11 Y:\\Freelancer\\PritiCars\\Pritiself drive cars public_html\\vendor\\laravel\\framework\\src\\Illuminate\\Database\\Connection.php(405): Illuminate\\Database\\Connection->run('select * from `...', Array, Object(Closure))
#12 Y:\\Freelancer\\PritiCars\\Pritiself drive cars public_html\\vendor\\laravel\\framework\\src\\Illuminate\\Database\\Query\\Builder.php(2705): Illuminate\\Database\\Connection->select('select * from `...', Array, true)
#13 Y:\\Freelancer\\PritiCars\\Pritiself drive cars public_html\\vendor\\laravel\\framework\\src\\Illuminate\\Database\\Query\\Builder.php(2694): Illuminate\\Database\\Query\\Builder->runSelect()
#14 Y:\\Freelancer\\PritiCars\\Pritiself drive cars public_html\\vendor\\laravel\\framework\\src\\Illuminate\\Database\\Query\\Builder.php(3230): Illuminate\\Database\\Query\\Builder->Illuminate\\Database\\Query\\{closure}()
#15 Y:\\Freelancer\\PritiCars\\Pritiself drive cars public_html\\vendor\\laravel\\framework\\src\\Illuminate\\Database\\Query\\Builder.php(2693): Illuminate\\Database\\Query\\Builder->onceWithColumns(Array, Object(Closure))
#16 Y:\\Freelancer\\PritiCars\\Pritiself drive cars public_html\\vendor\\laravel\\framework\\src\\Illuminate\\Database\\Eloquent\\Builder.php(710): Illuminate\\Database\\Query\\Builder->get(Array)
#17 Y:\\Freelancer\\PritiCars\\Pritiself drive cars public_html\\vendor\\laravel\\framework\\src\\Illuminate\\Database\\Eloquent\\Builder.php(694): Illuminate\\Database\\Eloquent\\Builder->getModels(Array)
#18 Y:\\Freelancer\\PritiCars\\Pritiself drive cars public_html\\vendor\\laravel\\framework\\src\\Illuminate\\Database\\Concerns\\BuildsQueries.php(296): Illuminate\\Database\\Eloquent\\Builder->get(Array)
#19 Y:\\Freelancer\\PritiCars\\Pritiself drive cars public_html\\modules\\Core\\Models\\Settings.php(35): Illuminate\\Database\\Eloquent\\Builder->first()
#20 Y:\\Freelancer\\PritiCars\\Pritiself drive cars public_html\\vendor\\laravel\\framework\\src\\Illuminate\\Cache\\Repository.php(438): Modules\\Core\\Models\\Settings::Modules\\Core\\Models\\{closure}()
#21 Y:\\Freelancer\\PritiCars\\Pritiself drive cars public_html\\vendor\\laravel\\framework\\src\\Illuminate\\Cache\\CacheManager.php(408): Illuminate\\Cache\\Repository->rememberForever('setting_site_lo...', Object(Closure))
#22 Y:\\Freelancer\\PritiCars\\Pritiself drive cars public_html\\vendor\\laravel\\framework\\src\\Illuminate\\Support\\Facades\\Facade.php(338): Illuminate\\Cache\\CacheManager->__call('rememberForever', Array)
#23 Y:\\Freelancer\\PritiCars\\Pritiself drive cars public_html\\modules\\Core\\Models\\Settings.php(34): Illuminate\\Support\\Facades\\Facade::__callStatic('rememberForever', Array)
#24 Y:\\Freelancer\\PritiCars\\Pritiself drive cars public_html\\app\\Helpers\\AppHelper.php(18): Modules\\Core\\Models\\Settings::item('site_locale', '')
#25 Y:\\Freelancer\\PritiCars\\Pritiself drive cars public_html\\modules\\Language\\Models\\Language.php(33): setting_item('site_locale')
#26 Y:\\Freelancer\\PritiCars\\Pritiself drive cars public_html\\vendor\\laravel\\framework\\src\\Illuminate\\Cache\\Repository.php(438): Modules\\Language\\Models\\Language::Modules\\Language\\Models\\{closure}()
#27 Y:\\Freelancer\\PritiCars\\Pritiself drive cars public_html\\vendor\\laravel\\framework\\src\\Illuminate\\Cache\\CacheManager.php(408): Illuminate\\Cache\\Repository->rememberForever('locale_active_1', Object(Closure))
#28 Y:\\Freelancer\\PritiCars\\Pritiself drive cars public_html\\vendor\\laravel\\framework\\src\\Illuminate\\Support\\Facades\\Facade.php(338): Illuminate\\Cache\\CacheManager->__call('rememberForever', Array)
#29 Y:\\Freelancer\\PritiCars\\Pritiself drive cars public_html\\modules\\Language\\Models\\Language.php(28): Illuminate\\Support\\Facades\\Facade::__callStatic('rememberForever', Array)
#30 Y:\\Freelancer\\PritiCars\\Pritiself drive cars public_html\\app\\Providers\\AppServiceProvider.php(197): Modules\\Language\\Models\\Language::getActive()
#31 Y:\\Freelancer\\PritiCars\\Pritiself drive cars public_html\\app\\Providers\\AppServiceProvider.php(42): App\\Providers\\AppServiceProvider->setLang()
#32 Y:\\Freelancer\\PritiCars\\Pritiself drive cars public_html\\vendor\\laravel\\framework\\src\\Illuminate\\Container\\BoundMethod.php(36): App\\Providers\\AppServiceProvider->boot(Object(Illuminate\\Http\\Request))
#33 Y:\\Freelancer\\PritiCars\\Pritiself drive cars public_html\\vendor\\laravel\\framework\\src\\Illuminate\\Container\\Util.php(41): Illuminate\\Container\\BoundMethod::Illuminate\\Container\\{closure}()
#34 Y:\\Freelancer\\PritiCars\\Pritiself drive cars public_html\\vendor\\laravel\\framework\\src\\Illuminate\\Container\\BoundMethod.php(93): Illuminate\\Container\\Util::unwrapIfClosure(Object(Closure))
#35 Y:\\Freelancer\\PritiCars\\Pritiself drive cars public_html\\vendor\\laravel\\framework\\src\\Illuminate\\Container\\BoundMethod.php(35): Illuminate\\Container\\BoundMethod::callBoundMethod(Object(Illuminate\\Foundation\\Application), Array, Object(Closure))
#36 Y:\\Freelancer\\PritiCars\\Pritiself drive cars public_html\\vendor\\laravel\\framework\\src\\Illuminate\\Container\\Container.php(661): Illuminate\\Container\\BoundMethod::call(Object(Illuminate\\Foundation\\Application), Array, Array, NULL)
#37 Y:\\Freelancer\\PritiCars\\Pritiself drive cars public_html\\vendor\\laravel\\framework\\src\\Illuminate\\Foundation\\Application.php(954): Illuminate\\Container\\Container->call(Array)
#38 Y:\\Freelancer\\PritiCars\\Pritiself drive cars public_html\\vendor\\laravel\\framework\\src\\Illuminate\\Foundation\\Application.php(935): Illuminate\\Foundation\\Application->bootProvider(Object(App\\Providers\\AppServiceProvider))
#39 [internal function]: Illuminate\\Foundation\\Application->Illuminate\\Foundation\\{closure}(Object(App\\Providers\\AppServiceProvider), 34)
#40 Y:\\Freelancer\\PritiCars\\Pritiself drive cars public_html\\vendor\\laravel\\framework\\src\\Illuminate\\Foundation\\Application.php(934): array_walk(Array, Object(Closure))
#41 Y:\\Freelancer\\PritiCars\\Pritiself drive cars public_html\\vendor\\laravel\\framework\\src\\Illuminate\\Foundation\\Bootstrap\\BootProviders.php(17): Illuminate\\Foundation\\Application->boot()
#42 Y:\\Freelancer\\PritiCars\\Pritiself drive cars public_html\\vendor\\laravel\\framework\\src\\Illuminate\\Foundation\\Application.php(265): Illuminate\\Foundation\\Bootstrap\\BootProviders->bootstrap(Object(Illuminate\\Foundation\\Application))
#43 Y:\\Freelancer\\PritiCars\\Pritiself drive cars public_html\\vendor\\laravel\\framework\\src\\Illuminate\\Foundation\\Console\\Kernel.php(383): Illuminate\\Foundation\\Application->bootstrapWith(Array)
#44 Y:\\Freelancer\\PritiCars\\Pritiself drive cars public_html\\vendor\\laravel\\framework\\src\\Illuminate\\Foundation\\Console\\Kernel.php(153): Illuminate\\Foundation\\Console\\Kernel->bootstrap()
#45 Y:\\Freelancer\\PritiCars\\Pritiself drive cars public_html\\artisan(38): Illuminate\\Foundation\\Console\\Kernel->handle(Object(Symfony\\Component\\Console\\Input\\ArgvInput), Object(Symfony\\Component\\Console\\Output\\ConsoleOutput))
#46 {main}
"} 
[2025-09-03 15:12:03] production.ERROR: The Y:\Freelancer\PritiCars\Pritiself drive cars public_html\bootstrap\cache directory must be present and writable. {"exception":"[object] (Exception(code: 0): The Y:\\Freelancer\\PritiCars\\Pritiself drive cars public_html\\bootstrap\\cache directory must be present and writable. at Y:\\Freelancer\\PritiCars\\Pritiself drive cars public_html\\vendor\\laravel\\framework\\src\\Illuminate\\Foundation\\PackageManifest.php:178)
[stacktrace]
#0 Y:\\Freelancer\\PritiCars\\Pritiself drive cars public_html\\vendor\\laravel\\framework\\src\\Illuminate\\Foundation\\PackageManifest.php(131): Illuminate\\Foundation\\PackageManifest->write(Array)
#1 Y:\\Freelancer\\PritiCars\\Pritiself drive cars public_html\\vendor\\laravel\\framework\\src\\Illuminate\\Foundation\\PackageManifest.php(107): Illuminate\\Foundation\\PackageManifest->build()
#2 Y:\\Freelancer\\PritiCars\\Pritiself drive cars public_html\\vendor\\laravel\\framework\\src\\Illuminate\\Foundation\\PackageManifest.php(90): Illuminate\\Foundation\\PackageManifest->getManifest()
#3 Y:\\Freelancer\\PritiCars\\Pritiself drive cars public_html\\vendor\\laravel\\framework\\src\\Illuminate\\Foundation\\PackageManifest.php(79): Illuminate\\Foundation\\PackageManifest->config('aliases')
#4 Y:\\Freelancer\\PritiCars\\Pritiself drive cars public_html\\vendor\\laravel\\framework\\src\\Illuminate\\Foundation\\Bootstrap\\RegisterFacades.php(26): Illuminate\\Foundation\\PackageManifest->aliases()
#5 Y:\\Freelancer\\PritiCars\\Pritiself drive cars public_html\\vendor\\laravel\\framework\\src\\Illuminate\\Foundation\\Application.php(265): Illuminate\\Foundation\\Bootstrap\\RegisterFacades->bootstrap(Object(Illuminate\\Foundation\\Application))
#6 Y:\\Freelancer\\PritiCars\\Pritiself drive cars public_html\\vendor\\laravel\\framework\\src\\Illuminate\\Foundation\\Console\\Kernel.php(383): Illuminate\\Foundation\\Application->bootstrapWith(Array)
#7 Y:\\Freelancer\\PritiCars\\Pritiself drive cars public_html\\vendor\\laravel\\framework\\src\\Illuminate\\Foundation\\Console\\Kernel.php(153): Illuminate\\Foundation\\Console\\Kernel->bootstrap()
#8 Y:\\Freelancer\\PritiCars\\Pritiself drive cars public_html\\artisan(38): Illuminate\\Foundation\\Console\\Kernel->handle(Object(Symfony\\Component\\Console\\Input\\ArgvInput), Object(Symfony\\Component\\Console\\Output\\ConsoleOutput))
#9 {main}
"} 
